[03:44:32] [main/INFO]: Loading Minecraft 1.21.1 with Fabric Loader 0.19.3
[03:44:32] [main/INFO]: Loading 55 mods:
	- a_good_place 1.21-1.2.6
	- almanac 1.5.2
	   \-- cloth-config 15.0.140
	        \-- cloth-basic-math 0.6.1
	- fabric-api 0.116.9+1.21.1
	   |-- fabric-api-base 0.4.42+6573ed8c19
	   |-- fabric-api-lookup-api-v1 1.6.72+7b3d111d19
	   |-- fabric-biome-api-v1 13.0.31+d527f9fd19
	   |-- fabric-block-api-v1 1.1.0+0bc3503219
	   |-- fabric-block-view-api-v2 1.0.11+ebb2264e19
	   |-- fabric-blockrenderlayer-v1 1.1.52+0af3f5a719
	   |-- fabric-client-tags-api-v1 1.1.15+6573ed8c19
	   |-- fabric-command-api-v1 1.2.49+f71b366f19
	   |-- fabric-command-api-v2 2.2.28+6ced4dd919
	   |-- fabric-commands-v0 0.2.66+df3654b319
	   |-- fabric-content-registries-v0 8.0.19+b559734419
	   |-- fabric-convention-tags-v1 2.1.6+7f945d5b19
	   |-- fabric-convention-tags-v2 2.11.2+fa89716719
	   |-- fabric-crash-report-info-v1 0.2.29+0af3f5a719
	   |-- fabric-data-attachment-api-v1 1.4.6+5b36e0f719
	   |-- fabric-data-generation-api-v1 20.2.35+37516cd619
	   |-- fabric-dimensions-v1 4.0.1+65213ef819
	   |-- fabric-entity-events-v1 1.8.0+2b27e0a419
	   |-- fabric-events-interaction-v0 0.7.13+ba9dae0619
	   |-- fabric-game-rule-api-v1 1.0.53+6ced4dd919
	   |-- fabric-item-api-v1 11.2.0+3b3cb2e819
	   |-- fabric-item-group-api-v1 4.1.7+def88e3a19
	   |-- fabric-key-binding-api-v1 1.0.47+0af3f5a719
	   |-- fabric-keybindings-v0 0.2.45+df3654b319
	   |-- fabric-lifecycle-events-v1 2.6.0+0865547519
	   |-- fabric-loot-api-v2 3.0.15+3f89f5a519
	   |-- fabric-loot-api-v3 1.0.3+3f89f5a519
	   |-- fabric-message-api-v1 6.0.14+8aaf3aca19
	   |-- fabric-model-loading-api-v1 2.1.0+b4d813fc19
	   |-- fabric-networking-api-v1 4.3.0+c7469b2119
	   |-- fabric-object-builder-api-v1 15.2.1+40875a9319
	   |-- fabric-particles-v1 4.0.2+6573ed8c19
	   |-- fabric-recipe-api-v1 5.0.15+2475392c19
	   |-- fabric-registry-sync-v0 5.3.1+e3eddc2119
	   |-- fabric-renderer-api-v1 3.4.1+b4d813fc19
	   |-- fabric-renderer-indigo 1.7.1+c705a49c19
	   |-- fabric-renderer-registries-v1 3.2.69+df3654b319
	   |-- fabric-rendering-data-attachment-v1 0.3.49+73761d2e19
	   |-- fabric-rendering-fluids-v1 3.1.6+1daea21519
	   |-- fabric-rendering-v0 1.1.72+df3654b319
	   |-- fabric-rendering-v1 5.1.0+ab4c25a019
	   |-- fabric-resource-conditions-api-v1 4.3.0+8dc279b119
	   |-- fabric-resource-loader-v0 1.3.1+5b5275af19
	   |-- fabric-screen-api-v1 2.0.25+8b68f1c719
	   |-- fabric-screen-handler-api-v1 1.3.90+b559734419
	   |-- fabric-sound-api-v1 1.0.23+6573ed8c19
	   |-- fabric-transfer-api-v1 5.4.4+7b3d111d19
	   \-- fabric-transitive-access-wideners-v1 6.2.0+45b9699719
	- fabricloader 0.19.3
	   \-- mixinextras 0.5.4
	- ferritecore 7.0.3
	- java 21
	- letmedespawn 1.5.0
	- lithium 0.15.2+mc1.21.1
	- lithostitched 1.7.12
	- minecraft 1.21.1
	- modernfix 5.25.1+mc1.21.1
	- placeholder-api 2.4.2+1.21
	- tectonic 3.0.26
	   \-- apollib 1.1.4
	        \-- de_marhali_json5-java 3.0.0
	- terralith 2.6.2
[03:44:32] [main/INFO]: SpongePowered MIXIN Subsystem Version=0.8.7 Source=file:/workspaces/Sensible-MC/servidor_minecraft/libraries/net/fabricmc/sponge-mixin/0.17.3+mixin.0.8.7/sponge-mixin-0.17.3+mixin.0.8.7.jar Service=Knot/Fabric Env=SERVER
[03:44:32] [main/INFO]: Compatibility level set to JAVA_17
[03:44:32] [main/INFO]: Compatibility level set to JAVA_21
[03:44:33] [main/INFO]: Option 'mixin.entity.collisions.fluid' requires 'mixin.util.block_tracking=true' but found 'false'. Setting 'mixin.entity.collisions.fluid=false'.
[03:44:33] [main/INFO]: Option 'mixin.experimental.entity.block_caching.block_support' requires 'mixin.util.block_tracking=true' but found 'false'. Setting 'mixin.experimental.entity.block_caching.block_support=false'.
[03:44:33] [main/INFO]: Option 'mixin.experimental.entity.block_caching.fluid_pushing' requires 'mixin.util.block_tracking=true' but found 'false'. Setting 'mixin.experimental.entity.block_caching.fluid_pushing=false'.
[03:44:33] [main/INFO]: Option 'mixin.experimental.entity.block_caching.block_touching' requires 'mixin.util.block_tracking=true' but found 'false'. Setting 'mixin.experimental.entity.block_caching.block_touching=false'.
[03:44:33] [main/INFO]: Option 'mixin.experimental.entity.block_caching.suffocation' requires 'mixin.util.block_tracking=true' but found 'false'. Setting 'mixin.experimental.entity.block_caching.suffocation=false'.
[03:44:33] [main/INFO]: Option 'mixin.experimental.entity.block_caching' requires 'mixin.util.block_tracking=true' but found 'false'. Setting 'mixin.experimental.entity.block_caching=false'.
[03:44:33] [main/INFO]: Loaded configuration file for Lithium: 150 options available, 0 override(s) found
[03:44:33] [main/INFO]: Loaded configuration file for ModernFix 5.25.1+mc1.21.1: 65 options available, 0 override(s) found
[03:44:33] [main/INFO]: Applying Nashorn fix
[03:44:33] [main/WARN]: Error loading class: net/caffeinemc/mods/sodium/client/render/chunk/compile/pipeline/BlockOcclusionCache (java.lang.ClassNotFoundException: net/caffeinemc/mods/sodium/client/render/chunk/compile/pipeline/BlockOcclusionCache)
[03:44:33] [main/WARN]: Error loading class: net/caffeinemc/mods/sodium/client/render/chunk/compile/pipeline/BlockRenderer (java.lang.ClassNotFoundException: net/caffeinemc/mods/sodium/client/render/chunk/compile/pipeline/BlockRenderer)
[03:44:33] [main/INFO]: Initializing MixinExtras via com.llamalad7.mixinextras.service.MixinExtrasServiceImpl(version=0.5.4).
[03:44:36] [main/WARN]: Method overwrite conflict for method_21740 in modernfix-common.mixins.json:perf.remove_biome_temperature_cache.BiomeMixin from mod modernfix, previously written by net.caffeinemc.mods.lithium.mixin.world.temperature_cache.BiomeMixin. Skipping method.
[03:44:39] [main/INFO]: Vanilla bootstrap took 4724 milliseconds
[03:44:39] [main/INFO]: Environment: Environment[sessionHost=https://sessionserver.mojang.com, servicesHost=https://api.minecraftservices.com, name=PROD]
[03:44:42] [main/INFO]: Loaded 1296 recipes
[03:44:42] [main/INFO]: Loaded 1400 advancements
[03:44:42] [main/WARN]: Initial datapack load took 2.350 s
[03:44:42] [main/INFO]: Applied 0 biome modifications to 0 of 159 new biomes in 2.853 ms
[03:44:42] [Server thread/INFO]: Starting minecraft server version 1.21.1
[03:44:42] [Server thread/INFO]: Loading properties
[03:44:42] [Server thread/INFO]: Default game type: SURVIVAL
[03:44:42] [Server thread/INFO]: Generating keypair
[03:44:42] [Server thread/INFO]: Starting Minecraft server on *:25565
[03:44:42] [Server thread/INFO]: Using epoll channel type
[03:44:42] [Server thread/WARN]: **** SERVER IS RUNNING IN OFFLINE/INSECURE MODE!
[03:44:42] [Server thread/WARN]: The server will make no attempt to authenticate usernames. Beware.
[03:44:42] [Server thread/WARN]: While this makes the game possible to play without internet access, it also opens up the ability for hackers to connect with any username they choose.
[03:44:42] [Server thread/WARN]: To change this, set "online-mode" to "true" in the server.properties file.
[03:44:42] [Server thread/INFO]: Preparing level "world"
[03:44:43] [Server thread/INFO]: Preparing start region for dimension minecraft:overworld
[03:44:43] [Server thread/WARN]: Method overwrite conflict for removeIf in modernfix-common.mixins.json:bugfix.paper_chunk_patches.SortedArraySetMixin from mod modernfix, previously written by net.caffeinemc.mods.lithium.mixin.collections.chunk_tickets.SortedArraySetMixin. Skipping method.
[03:44:45] [Worker-Main-1/INFO]: Preparing spawn area: 0%
[03:44:45] [Worker-Main-1/INFO]: Preparing spawn area: 0%
[03:44:45] [Worker-Main-1/INFO]: Preparing spawn area: 0%
[03:44:45] [Worker-Main-1/INFO]: Preparing spawn area: 0%
[03:44:45] [Server thread/INFO]: Time elapsed: 1995 ms
[03:44:45] [Server thread/INFO]: Done (2.692s)! For help, type "help"
[03:44:45] [Server thread/WARN]: Dedicated server took 14.495 seconds to load
[03:44:45] [Server thread/INFO]: [STDOUT]: Lithium Cached BlockState Flags are disabled!
